18:01:33.977 [pool-45-thread-3-ScalaTest-running-SimulationTestCases] INFO  - Server started, listening on 0
18:01:34.336 [shutdownHook1] INFO  - Server shutting down
18:02:26.302 [pool-45-thread-2-ScalaTest-running-SimulationTestCases] INFO  - Server started, listening on 0
18:02:26.420 [pool-45-thread-2-ScalaTest-running-SimulationTestCases] INFO  - Started the execution of getRequest function.
18:02:26.703 [shutdownHook1] INFO  - Server shutting down
18:04:07.879 [pool-45-thread-5-ScalaTest-running-SimulationTestCases] INFO  - Server started, listening on 0
18:04:08.016 [pool-45-thread-5-ScalaTest-running-SimulationTestCases] INFO  - Started the execution of getRequest function.
18:04:08.080 [pool-45-thread-5-ScalaTest-running-SimulationTestCases] INFO  - Started execution of postRequest function
18:04:08.459 [shutdownHook1] INFO  - Server shutting down
18:05:37.514 [pool-45-thread-3-ScalaTest-running-SimulationTestCases] INFO  - Server started, listening on 0
18:05:37.622 [pool-45-thread-3-ScalaTest-running-SimulationTestCases] INFO  - Started the execution of getRequest function.
18:05:37.627 [pool-45-thread-3-ScalaTest-running-SimulationTestCases] INFO  - GET request is made to: https://7t2ct7h1b7.execute-api.us-east-1.amazonaws.com/search?time=17:01:44.729&date=2022-10-30&time_duration=3&pattern=(.*) 
18:05:37.627 [pool-45-thread-3-ScalaTest-running-SimulationTestCases] INFO  - Response is null
18:05:37.674 [pool-45-thread-3-ScalaTest-running-SimulationTestCases] INFO  - Started execution of postRequest function
18:05:37.675 [pool-45-thread-3-ScalaTest-running-SimulationTestCases] INFO  - Got parameters from configuratuion
18:05:37.676 [pool-45-thread-3-ScalaTest-running-SimulationTestCases] INFO  - Post request is made to: https://7t2ct7h1b7.execute-api.us-east-1.amazonaws.com/search, With following payload: {"time":"2022-10-30 17:15:29.432","time_duration":3,"pattern":"(.*)"}
18:05:37.676 [pool-45-thread-3-ScalaTest-running-SimulationTestCases] INFO  - Response is: null 
18:05:37.688 [pool-45-thread-3-ScalaTest-running-SimulationTestCases] INFO  - Executing the search function for the input values -> time: 0:0:0.000, deltaTime = 1
18:05:37.689 [pool-45-thread-3-ScalaTest-running-SimulationTestCases] INFO  - Performing the GET request to AWS Lamda function.
18:05:37.690 [pool-45-thread-3-ScalaTest-running-SimulationTestCases] INFO  - GET request is made to: https://7t2ct7h1b7.execute-api.us-east-1.amazonaws.com/search?time=0:0:0.000&date=2022-10-30&time_duration=1&pattern=aaa 
18:05:37.691 [pool-45-thread-3-ScalaTest-running-SimulationTestCases] INFO  - GET request is made to: https://7t2ct7h1b7.execute-api.us-east-1.amazonaws.com/search?time=0:0:0.000&date=2022-10-30&time_duration=1&pattern=aaa 
18:05:37.692 [pool-45-thread-3-ScalaTest-running-SimulationTestCases] INFO  - Sending back the receive response: null
18:05:37.972 [shutdownHook1] INFO  - Server shutting down
18:52:10.806 [sbt-bg-threads-1] INFO  - Created an instance of SearchGrpcServer class with passing all the parameters
18:52:11.336 [sbt-bg-threads-1] INFO  - Starting the server
18:52:11.447 [sbt-bg-threads-1] INFO  - Server started, listening on 8980
18:54:34.523 [sbt-bg-threads-1] INFO  - Get request started by AnalyzeRestClient.
18:54:34.527 [sbt-bg-threads-1] INFO  - Started the execution of getRequest function.
18:54:34.865 [sbt-bg-threads-1] INFO  - https://7t2ct7h1b7.execute-api.us-east-1.amazonaws.com/search?time=17:01:44.729&date=2022-10-30&time_duration=3&pattern=(.*)
18:54:38.553 [sbt-bg-threads-1] INFO  - GET request is made to: https://7t2ct7h1b7.execute-api.us-east-1.amazonaws.com/search?time=17:01:44.729&date=2022-10-30&time_duration=3&pattern=(.*) 
18:54:38.554 [sbt-bg-threads-1] INFO  - Response is Patterns present are ['2022-10-30 17:03:41.317 [main] INFO  - Log data generator started...', '2022-10-30 17:03:41.775 [main] WARN  - Max count 100 is used to create records instead of timeouts', '2022-10-30 17:03:48.624 [scala-execution-context-global-11] WARN  - s%]s,+2k|D}K7b/XCwG&@7HDPR8z', '2022-10-30 17:03:57.340 [scala-execution-context-global-11] INFO  - ;kNI&V%v<c#eSDK@lPY(', '2022-10-30 17:03:59.692 [scala-execution-context-global-11] INFO  - l9]|92!uHUQ/IVcz~(;.Uz%K*5jTUd08', "2022-10-30 17:04:08.452 [scala-execution-context-global-11] INFO  - G3sw7^U<^q^Cl!aMTDbNz<:$;?e<.0JD_'", '2022-10-30 17:04:10.610 [scala-execution-context-global-11] WARN  - A><YFqpg+~"E1T', '2022-10-30 17:04:20.291 [scala-execution-context-global-11] DEBUG - JrQB;P0"&+6;&Dk-', '2022-10-30 17:04:25.559 [scala-execution-context-global-11] INFO  - OsI1`qAeU5H;\\+', '2022-10-30 17:04:32.285 [scala-execution-context-global-11] INFO  - [h!Q9PEY>L(NpKLBO"Gjo:=4kRXQ_tZ!', '2022-10-30 17:04:41.906 [scala-execution-context-global-11] INFO  - B?y&C"C5rsb:2037;f&|vM#x?z|Ny|&<44Z8B&rF1#&M', '2022-10-30 17:04:44.379 [scala-execution-context-global-11] WARN  - x2oBSI0/\\%CdfV2%ChSsnZ7vJo=2qJqZ%."kbc!0ne`y&m'] and MD5 for each of the messages are ['15d8af31aa0acdfd54b586d5c1d81b08', '9dedcdadcc4d559094bad7ff06ce7b81', '157b7eb20c8e1bcbbe062b6e8f0aea8a', '599ebb89db6b7acc522f376606bfab4d', 'fcce68774cf90d53b845a0ddd900b1d4', '6fb0edea6a6c11a5506f43bfae5b9c22', '3bd81d4e6323cdf78c34ba18b9841989', '5f4aeb70d6a2c94152e1ffff22542577', 'ede334873ac9c963eaeac2433d072006', 'e2e03a51c47a75fd361a7334e3bb93f7', '370752558998052563a73bcfcc272bac', '343ac4dc1efcb94e93800404436b2994']
18:54:49.459 [shutdownHook1] INFO  - Server shutting down
18:55:01.812 [sbt-bg-threads-1] INFO  - Created an instance of SearchGrpcServer class with passing all the parameters
18:55:02.474 [sbt-bg-threads-1] INFO  - Starting the gRPC server
18:55:02.612 [sbt-bg-threads-1] INFO  - Server started, listening on 8980
18:57:17.658 [sbt-bg-threads-1] INFO  - Created an instance of SearchGrpcServer class with passing all the parameters
18:57:18.180 [sbt-bg-threads-1] INFO  - Starting the gRPC server
18:57:25.043 [shutdownHook1] INFO  - Server shutting down
18:58:31.158 [sbt-bg-threads-1] INFO  - Created an instance of SearchGrpcServer class with passing all the parameters
18:58:31.715 [sbt-bg-threads-1] INFO  - Starting the gRPC server
18:58:31.833 [sbt-bg-threads-1] INFO  - Server started, listening on 8980
18:58:38.032 [sbt-bg-threads-1] INFO  - Send the gRPC request to the server.
18:58:38.549 [grpc-default-executor-0] INFO  - Executing the search function for the input values -> time: 17:01:44.729, deltaTime = 3
18:58:38.551 [grpc-default-executor-0] INFO  - Performing the GET request to AWS Lamda function.
18:58:38.553 [grpc-default-executor-0] INFO  - GET request is made to: https://7t2ct7h1b7.execute-api.us-east-1.amazonaws.com/search?time=17:01:44.729&date=2022-10-30&time_duration=3&pattern=(.*) 
18:58:38.853 [grpc-default-executor-0] INFO  - https://7t2ct7h1b7.execute-api.us-east-1.amazonaws.com/search?time=17:01:44.729&date=2022-10-30&time_duration=3&pattern=(.*)
18:58:42.210 [grpc-default-executor-0] INFO  - GET request is made to: https://7t2ct7h1b7.execute-api.us-east-1.amazonaws.com/search?time=17:01:44.729&date=2022-10-30&time_duration=3&pattern=(.*) 
18:58:42.217 [grpc-default-executor-0] INFO  - Sending back the receive response: Patterns present are ['2022-10-30 17:03:41.317 [main] INFO  - Log data generator started...', '2022-10-30 17:03:41.775 [main] WARN  - Max count 100 is used to create records instead of timeouts', '2022-10-30 17:03:48.624 [scala-execution-context-global-11] WARN  - s%]s,+2k|D}K7b/XCwG&@7HDPR8z', '2022-10-30 17:03:57.340 [scala-execution-context-global-11] INFO  - ;kNI&V%v<c#eSDK@lPY(', '2022-10-30 17:03:59.692 [scala-execution-context-global-11] INFO  - l9]|92!uHUQ/IVcz~(;.Uz%K*5jTUd08', "2022-10-30 17:04:08.452 [scala-execution-context-global-11] INFO  - G3sw7^U<^q^Cl!aMTDbNz<:$;?e<.0JD_'", '2022-10-30 17:04:10.610 [scala-execution-context-global-11] WARN  - A><YFqpg+~"E1T', '2022-10-30 17:04:20.291 [scala-execution-context-global-11] DEBUG - JrQB;P0"&+6;&Dk-', '2022-10-30 17:04:25.559 [scala-execution-context-global-11] INFO  - OsI1`qAeU5H;\\+', '2022-10-30 17:04:32.285 [scala-execution-context-global-11] INFO  - [h!Q9PEY>L(NpKLBO"Gjo:=4kRXQ_tZ!', '2022-10-30 17:04:41.906 [scala-execution-context-global-11] INFO  - B?y&C"C5rsb:2037;f&|vM#x?z|Ny|&<44Z8B&rF1#&M', '2022-10-30 17:04:44.379 [scala-execution-context-global-11] WARN  - x2oBSI0/\\%CdfV2%ChSsnZ7vJo=2qJqZ%."kbc!0ne`y&m'] and MD5 for each of the messages are ['15d8af31aa0acdfd54b586d5c1d81b08', '9dedcdadcc4d559094bad7ff06ce7b81', '157b7eb20c8e1bcbbe062b6e8f0aea8a', '599ebb89db6b7acc522f376606bfab4d', 'fcce68774cf90d53b845a0ddd900b1d4', '6fb0edea6a6c11a5506f43bfae5b9c22', '3bd81d4e6323cdf78c34ba18b9841989', '5f4aeb70d6a2c94152e1ffff22542577', 'ede334873ac9c963eaeac2433d072006', 'e2e03a51c47a75fd361a7334e3bb93f7', '370752558998052563a73bcfcc272bac', '343ac4dc1efcb94e93800404436b2994']
18:58:42.304 [sbt-bg-threads-1] INFO  - The response received from Server: Patterns present are ['2022-10-30 17:03:41.317 [main] INFO  - Log data generator started...', '2022-10-30 17:03:41.775 [main] WARN  - Max count 100 is used to create records instead of timeouts', '2022-10-30 17:03:48.624 [scala-execution-context-global-11] WARN  - s%]s,+2k|D}K7b/XCwG&@7HDPR8z', '2022-10-30 17:03:57.340 [scala-execution-context-global-11] INFO  - ;kNI&V%v<c#eSDK@lPY(', '2022-10-30 17:03:59.692 [scala-execution-context-global-11] INFO  - l9]|92!uHUQ/IVcz~(;.Uz%K*5jTUd08', "2022-10-30 17:04:08.452 [scala-execution-context-global-11] INFO  - G3sw7^U<^q^Cl!aMTDbNz<:$;?e<.0JD_'", '2022-10-30 17:04:10.610 [scala-execution-context-global-11] WARN  - A><YFqpg+~"E1T', '2022-10-30 17:04:20.291 [scala-execution-context-global-11] DEBUG - JrQB;P0"&+6;&Dk-', '2022-10-30 17:04:25.559 [scala-execution-context-global-11] INFO  - OsI1`qAeU5H;\\+', '2022-10-30 17:04:32.285 [scala-execution-context-global-11] INFO  - [h!Q9PEY>L(NpKLBO"Gjo:=4kRXQ_tZ!', '2022-10-30 17:04:41.906 [scala-execution-context-global-11] INFO  - B?y&C"C5rsb:2037;f&|vM#x?z|Ny|&<44Z8B&rF1#&M', '2022-10-30 17:04:44.379 [scala-execution-context-global-11] WARN  - x2oBSI0/\\%CdfV2%ChSsnZ7vJo=2qJqZ%."kbc!0ne`y&m'] and MD5 for each of the messages are ['15d8af31aa0acdfd54b586d5c1d81b08', '9dedcdadcc4d559094bad7ff06ce7b81', '157b7eb20c8e1bcbbe062b6e8f0aea8a', '599ebb89db6b7acc522f376606bfab4d', 'fcce68774cf90d53b845a0ddd900b1d4', '6fb0edea6a6c11a5506f43bfae5b9c22', '3bd81d4e6323cdf78c34ba18b9841989', '5f4aeb70d6a2c94152e1ffff22542577', 'ede334873ac9c963eaeac2433d072006', 'e2e03a51c47a75fd361a7334e3bb93f7', '370752558998052563a73bcfcc272bac', '343ac4dc1efcb94e93800404436b2994']
18:58:42.311 [sbt-bg-threads-1] INFO  - Shutting down the server
18:58:46.718 [sbt-bg-threads-1] INFO  - Get request started by AnalyzeRestClient.
18:58:46.723 [sbt-bg-threads-1] INFO  - Started the execution of getRequest function.
18:58:47.041 [sbt-bg-threads-1] INFO  - https://7t2ct7h1b7.execute-api.us-east-1.amazonaws.com/search?time=17:01:44.729&date=2022-10-30&time_duration=3&pattern=(.*)
18:58:48.657 [sbt-bg-threads-1] INFO  - GET request is made to: https://7t2ct7h1b7.execute-api.us-east-1.amazonaws.com/search?time=17:01:44.729&date=2022-10-30&time_duration=3&pattern=(.*) 
18:58:48.658 [sbt-bg-threads-1] INFO  - Response is Patterns present are ['2022-10-30 17:03:41.317 [main] INFO  - Log data generator started...', '2022-10-30 17:03:41.775 [main] WARN  - Max count 100 is used to create records instead of timeouts', '2022-10-30 17:03:48.624 [scala-execution-context-global-11] WARN  - s%]s,+2k|D}K7b/XCwG&@7HDPR8z', '2022-10-30 17:03:57.340 [scala-execution-context-global-11] INFO  - ;kNI&V%v<c#eSDK@lPY(', '2022-10-30 17:03:59.692 [scala-execution-context-global-11] INFO  - l9]|92!uHUQ/IVcz~(;.Uz%K*5jTUd08', "2022-10-30 17:04:08.452 [scala-execution-context-global-11] INFO  - G3sw7^U<^q^Cl!aMTDbNz<:$;?e<.0JD_'", '2022-10-30 17:04:10.610 [scala-execution-context-global-11] WARN  - A><YFqpg+~"E1T', '2022-10-30 17:04:20.291 [scala-execution-context-global-11] DEBUG - JrQB;P0"&+6;&Dk-', '2022-10-30 17:04:25.559 [scala-execution-context-global-11] INFO  - OsI1`qAeU5H;\\+', '2022-10-30 17:04:32.285 [scala-execution-context-global-11] INFO  - [h!Q9PEY>L(NpKLBO"Gjo:=4kRXQ_tZ!', '2022-10-30 17:04:41.906 [scala-execution-context-global-11] INFO  - B?y&C"C5rsb:2037;f&|vM#x?z|Ny|&<44Z8B&rF1#&M', '2022-10-30 17:04:44.379 [scala-execution-context-global-11] WARN  - x2oBSI0/\\%CdfV2%ChSsnZ7vJo=2qJqZ%."kbc!0ne`y&m'] and MD5 for each of the messages are ['15d8af31aa0acdfd54b586d5c1d81b08', '9dedcdadcc4d559094bad7ff06ce7b81', '157b7eb20c8e1bcbbe062b6e8f0aea8a', '599ebb89db6b7acc522f376606bfab4d', 'fcce68774cf90d53b845a0ddd900b1d4', '6fb0edea6a6c11a5506f43bfae5b9c22', '3bd81d4e6323cdf78c34ba18b9841989', '5f4aeb70d6a2c94152e1ffff22542577', 'ede334873ac9c963eaeac2433d072006', 'e2e03a51c47a75fd361a7334e3bb93f7', '370752558998052563a73bcfcc272bac', '343ac4dc1efcb94e93800404436b2994']
18:58:49.837 [sbt-bg-threads-1] INFO  - Post Request started by AnalyzeRestClient
18:58:49.842 [sbt-bg-threads-1] INFO  - Started the execution of getRequest function.
18:58:50.151 [sbt-bg-threads-1] INFO  - https://7t2ct7h1b7.execute-api.us-east-1.amazonaws.com/search?time=17:01:44.729&date=2022-10-30&time_duration=3&pattern=(.*)
18:58:51.601 [sbt-bg-threads-1] INFO  - GET request is made to: https://7t2ct7h1b7.execute-api.us-east-1.amazonaws.com/search?time=17:01:44.729&date=2022-10-30&time_duration=3&pattern=(.*) 
18:58:51.602 [sbt-bg-threads-1] INFO  - Response is Patterns present are ['2022-10-30 17:03:41.317 [main] INFO  - Log data generator started...', '2022-10-30 17:03:41.775 [main] WARN  - Max count 100 is used to create records instead of timeouts', '2022-10-30 17:03:48.624 [scala-execution-context-global-11] WARN  - s%]s,+2k|D}K7b/XCwG&@7HDPR8z', '2022-10-30 17:03:57.340 [scala-execution-context-global-11] INFO  - ;kNI&V%v<c#eSDK@lPY(', '2022-10-30 17:03:59.692 [scala-execution-context-global-11] INFO  - l9]|92!uHUQ/IVcz~(;.Uz%K*5jTUd08', "2022-10-30 17:04:08.452 [scala-execution-context-global-11] INFO  - G3sw7^U<^q^Cl!aMTDbNz<:$;?e<.0JD_'", '2022-10-30 17:04:10.610 [scala-execution-context-global-11] WARN  - A><YFqpg+~"E1T', '2022-10-30 17:04:20.291 [scala-execution-context-global-11] DEBUG - JrQB;P0"&+6;&Dk-', '2022-10-30 17:04:25.559 [scala-execution-context-global-11] INFO  - OsI1`qAeU5H;\\+', '2022-10-30 17:04:32.285 [scala-execution-context-global-11] INFO  - [h!Q9PEY>L(NpKLBO"Gjo:=4kRXQ_tZ!', '2022-10-30 17:04:41.906 [scala-execution-context-global-11] INFO  - B?y&C"C5rsb:2037;f&|vM#x?z|Ny|&<44Z8B&rF1#&M', '2022-10-30 17:04:44.379 [scala-execution-context-global-11] WARN  - x2oBSI0/\\%CdfV2%ChSsnZ7vJo=2qJqZ%."kbc!0ne`y&m'] and MD5 for each of the messages are ['15d8af31aa0acdfd54b586d5c1d81b08', '9dedcdadcc4d559094bad7ff06ce7b81', '157b7eb20c8e1bcbbe062b6e8f0aea8a', '599ebb89db6b7acc522f376606bfab4d', 'fcce68774cf90d53b845a0ddd900b1d4', '6fb0edea6a6c11a5506f43bfae5b9c22', '3bd81d4e6323cdf78c34ba18b9841989', '5f4aeb70d6a2c94152e1ffff22542577', 'ede334873ac9c963eaeac2433d072006', 'e2e03a51c47a75fd361a7334e3bb93f7', '370752558998052563a73bcfcc272bac', '343ac4dc1efcb94e93800404436b2994']
19:07:27.930 [pool-45-thread-10-ScalaTest-running-SimulationTestCases] INFO  - Server started, listening on 0
19:07:28.023 [pool-45-thread-10-ScalaTest-running-SimulationTestCases] INFO  - Started the execution of getRequest function.
19:07:28.027 [pool-45-thread-10-ScalaTest-running-SimulationTestCases] INFO  - GET request is made to: https://7t2ct7h1b7.execute-api.us-east-1.amazonaws.com/search?time=17:01:44.729&date=2022-10-30&time_duration=3&pattern=(.*) 
19:07:28.028 [pool-45-thread-10-ScalaTest-running-SimulationTestCases] INFO  - Response is null
19:07:28.062 [pool-45-thread-10-ScalaTest-running-SimulationTestCases] INFO  - Started execution of postRequest function
19:07:28.062 [pool-45-thread-10-ScalaTest-running-SimulationTestCases] INFO  - Got parameters from configuratuion
19:07:28.063 [pool-45-thread-10-ScalaTest-running-SimulationTestCases] INFO  - Post request is made to: https://7t2ct7h1b7.execute-api.us-east-1.amazonaws.com/search, With following payload: {"time":"2022-10-30 17:15:29.432","time_duration":3,"pattern":"(.*)"}
19:07:28.064 [pool-45-thread-10-ScalaTest-running-SimulationTestCases] INFO  - Response is: null 
19:07:28.076 [pool-45-thread-10-ScalaTest-running-SimulationTestCases] INFO  - Executing the search function for the input values -> time: 0:0:0.000, deltaTime = 1
19:07:28.077 [pool-45-thread-10-ScalaTest-running-SimulationTestCases] INFO  - Performing the GET request to AWS Lambda function.
19:07:28.077 [pool-45-thread-10-ScalaTest-running-SimulationTestCases] INFO  - GET request is made to: https://7t2ct7h1b7.execute-api.us-east-1.amazonaws.com/search?time=0:0:0.000&date=2022-10-30&time_duration=1&pattern=aaa 
19:07:28.078 [pool-45-thread-10-ScalaTest-running-SimulationTestCases] INFO  - GET request is made to: https://7t2ct7h1b7.execute-api.us-east-1.amazonaws.com/search?time=0:0:0.000&date=2022-10-30&time_duration=1&pattern=aaa 
19:07:28.078 [pool-45-thread-10-ScalaTest-running-SimulationTestCases] INFO  - Sending back the receive response: null
19:07:28.335 [shutdownHook1] INFO  - Server shutting down
19:13:00.658 [shutdownHook1] INFO  - Server shutting down
19:15:02.594 [pool-45-thread-8-ScalaTest-running-LogAnalyzerApiTestCases] INFO  - Server started, listening on 0
19:15:02.710 [pool-45-thread-8-ScalaTest-running-LogAnalyzerApiTestCases] INFO  - Started the execution of getRequest function.
19:15:02.716 [pool-45-thread-8-ScalaTest-running-LogAnalyzerApiTestCases] INFO  - GET request is made to: https://7t2ct7h1b7.execute-api.us-east-1.amazonaws.com/search?time=17:01:44.729&date=2022-10-30&time_duration=3&pattern=(.*) 
19:15:02.717 [pool-45-thread-8-ScalaTest-running-LogAnalyzerApiTestCases] INFO  - Response is null
19:15:02.763 [pool-45-thread-8-ScalaTest-running-LogAnalyzerApiTestCases] INFO  - Started execution of postRequest function
19:15:02.764 [pool-45-thread-8-ScalaTest-running-LogAnalyzerApiTestCases] INFO  - Got parameters from configuratuion
19:15:02.765 [pool-45-thread-8-ScalaTest-running-LogAnalyzerApiTestCases] INFO  - Post request is made to: https://7t2ct7h1b7.execute-api.us-east-1.amazonaws.com/search, With following payload: {"time":"2022-10-30 17:15:29.432","time_duration":3,"pattern":"(.*)"}
19:15:02.766 [pool-45-thread-8-ScalaTest-running-LogAnalyzerApiTestCases] INFO  - Response is: null 
19:15:02.778 [pool-45-thread-8-ScalaTest-running-LogAnalyzerApiTestCases] INFO  - Executing the search function for the input values -> time: 0:0:0.000, deltaTime = 1
19:15:02.778 [pool-45-thread-8-ScalaTest-running-LogAnalyzerApiTestCases] INFO  - Performing the GET request to AWS Lambda function.
19:15:02.779 [pool-45-thread-8-ScalaTest-running-LogAnalyzerApiTestCases] INFO  - GET request is made to: https://7t2ct7h1b7.execute-api.us-east-1.amazonaws.com/search?time=0:0:0.000&date=2022-10-30&time_duration=1&pattern=aaa 
19:15:02.779 [pool-45-thread-8-ScalaTest-running-LogAnalyzerApiTestCases] INFO  - GET request is made to: https://7t2ct7h1b7.execute-api.us-east-1.amazonaws.com/search?time=0:0:0.000&date=2022-10-30&time_duration=1&pattern=aaa 
19:15:02.780 [pool-45-thread-8-ScalaTest-running-LogAnalyzerApiTestCases] INFO  - Sending back the receive response: null
19:15:03.050 [shutdownHook1] INFO  - Server shutting down
22:05:06.473 [sbt-bg-threads-1] INFO  - Created an instance of SearchGrpcServer class with passing all the parameters
22:05:07.330 [sbt-bg-threads-1] INFO  - Starting the gRPC server
22:05:07.466 [sbt-bg-threads-1] INFO  - Server started, listening on 8980
22:10:21.387 [sbt-bg-threads-1] INFO  - Created an instance of SearchGrpcServer class with passing all the parameters
22:10:21.708 [sbt-bg-threads-1] INFO  - Starting the gRPC server
22:10:21.785 [sbt-bg-threads-1] INFO  - Server started, listening on 8980
22:10:37.342 [sbt-bg-threads-1] INFO  - Send the gRPC request to the server.
22:10:37.715 [grpc-default-executor-0] INFO  - Executing the search function for the input values -> time: 17:01:44.729, deltaTime = 3
22:10:37.716 [grpc-default-executor-0] INFO  - Performing the GET request to AWS Lambda function.
22:10:37.717 [grpc-default-executor-0] INFO  - GET request is made to: https://7t2ct7h1b7.execute-api.us-east-1.amazonaws.com/search?time=17:01:44.729&date=2022-10-30&time_duration=3&pattern=(.*) 
22:10:37.944 [grpc-default-executor-0] INFO  - https://7t2ct7h1b7.execute-api.us-east-1.amazonaws.com/search?time=17:01:44.729&date=2022-10-30&time_duration=3&pattern=(.*)
22:10:39.783 [grpc-default-executor-0] INFO  - GET request is made to: https://7t2ct7h1b7.execute-api.us-east-1.amazonaws.com/search?time=17:01:44.729&date=2022-10-30&time_duration=3&pattern=(.*) 
22:10:39.786 [grpc-default-executor-0] INFO  - Sending back the receive response: Patterns present are ['2022-10-30 17:03:41.317 [main] INFO  - Log data generator started...', '2022-10-30 17:03:41.775 [main] WARN  - Max count 100 is used to create records instead of timeouts', '2022-10-30 17:03:48.624 [scala-execution-context-global-11] WARN  - s%]s,+2k|D}K7b/XCwG&@7HDPR8z', '2022-10-30 17:03:57.340 [scala-execution-context-global-11] INFO  - ;kNI&V%v<c#eSDK@lPY(', '2022-10-30 17:03:59.692 [scala-execution-context-global-11] INFO  - l9]|92!uHUQ/IVcz~(;.Uz%K*5jTUd08', "2022-10-30 17:04:08.452 [scala-execution-context-global-11] INFO  - G3sw7^U<^q^Cl!aMTDbNz<:$;?e<.0JD_'", '2022-10-30 17:04:10.610 [scala-execution-context-global-11] WARN  - A><YFqpg+~"E1T', '2022-10-30 17:04:20.291 [scala-execution-context-global-11] DEBUG - JrQB;P0"&+6;&Dk-', '2022-10-30 17:04:25.559 [scala-execution-context-global-11] INFO  - OsI1`qAeU5H;\\+', '2022-10-30 17:04:32.285 [scala-execution-context-global-11] INFO  - [h!Q9PEY>L(NpKLBO"Gjo:=4kRXQ_tZ!', '2022-10-30 17:04:41.906 [scala-execution-context-global-11] INFO  - B?y&C"C5rsb:2037;f&|vM#x?z|Ny|&<44Z8B&rF1#&M', '2022-10-30 17:04:44.379 [scala-execution-context-global-11] WARN  - x2oBSI0/\\%CdfV2%ChSsnZ7vJo=2qJqZ%."kbc!0ne`y&m'] and MD5 for each of the messages are ['15d8af31aa0acdfd54b586d5c1d81b08', '9dedcdadcc4d559094bad7ff06ce7b81', '157b7eb20c8e1bcbbe062b6e8f0aea8a', '599ebb89db6b7acc522f376606bfab4d', 'fcce68774cf90d53b845a0ddd900b1d4', '6fb0edea6a6c11a5506f43bfae5b9c22', '3bd81d4e6323cdf78c34ba18b9841989', '5f4aeb70d6a2c94152e1ffff22542577', 'ede334873ac9c963eaeac2433d072006', 'e2e03a51c47a75fd361a7334e3bb93f7', '370752558998052563a73bcfcc272bac', '343ac4dc1efcb94e93800404436b2994']
22:10:39.836 [sbt-bg-threads-1] INFO  - The response received from Server: Patterns present are ['2022-10-30 17:03:41.317 [main] INFO  - Log data generator started...', '2022-10-30 17:03:41.775 [main] WARN  - Max count 100 is used to create records instead of timeouts', '2022-10-30 17:03:48.624 [scala-execution-context-global-11] WARN  - s%]s,+2k|D}K7b/XCwG&@7HDPR8z', '2022-10-30 17:03:57.340 [scala-execution-context-global-11] INFO  - ;kNI&V%v<c#eSDK@lPY(', '2022-10-30 17:03:59.692 [scala-execution-context-global-11] INFO  - l9]|92!uHUQ/IVcz~(;.Uz%K*5jTUd08', "2022-10-30 17:04:08.452 [scala-execution-context-global-11] INFO  - G3sw7^U<^q^Cl!aMTDbNz<:$;?e<.0JD_'", '2022-10-30 17:04:10.610 [scala-execution-context-global-11] WARN  - A><YFqpg+~"E1T', '2022-10-30 17:04:20.291 [scala-execution-context-global-11] DEBUG - JrQB;P0"&+6;&Dk-', '2022-10-30 17:04:25.559 [scala-execution-context-global-11] INFO  - OsI1`qAeU5H;\\+', '2022-10-30 17:04:32.285 [scala-execution-context-global-11] INFO  - [h!Q9PEY>L(NpKLBO"Gjo:=4kRXQ_tZ!', '2022-10-30 17:04:41.906 [scala-execution-context-global-11] INFO  - B?y&C"C5rsb:2037;f&|vM#x?z|Ny|&<44Z8B&rF1#&M', '2022-10-30 17:04:44.379 [scala-execution-context-global-11] WARN  - x2oBSI0/\\%CdfV2%ChSsnZ7vJo=2qJqZ%."kbc!0ne`y&m'] and MD5 for each of the messages are ['15d8af31aa0acdfd54b586d5c1d81b08', '9dedcdadcc4d559094bad7ff06ce7b81', '157b7eb20c8e1bcbbe062b6e8f0aea8a', '599ebb89db6b7acc522f376606bfab4d', 'fcce68774cf90d53b845a0ddd900b1d4', '6fb0edea6a6c11a5506f43bfae5b9c22', '3bd81d4e6323cdf78c34ba18b9841989', '5f4aeb70d6a2c94152e1ffff22542577', 'ede334873ac9c963eaeac2433d072006', 'e2e03a51c47a75fd361a7334e3bb93f7', '370752558998052563a73bcfcc272bac', '343ac4dc1efcb94e93800404436b2994']
22:10:39.841 [sbt-bg-threads-1] INFO  - Shutting down the server
22:15:50.698 [pool-45-thread-9-ScalaTest-running-LogAnalyzerApiTestCases] INFO  - Server started, listening on 0
22:15:50.782 [pool-45-thread-9-ScalaTest-running-LogAnalyzerApiTestCases] INFO  - Started the execution of getRequest function.
22:15:50.787 [pool-45-thread-9-ScalaTest-running-LogAnalyzerApiTestCases] INFO  - GET request is made to: https://7t2ct7h1b7.execute-api.us-east-1.amazonaws.com/search?time=17:01:44.729&date=2022-10-30&time_duration=3&pattern=(.*) 
22:15:50.790 [pool-45-thread-9-ScalaTest-running-LogAnalyzerApiTestCases] INFO  - Response is null
22:15:50.831 [pool-45-thread-9-ScalaTest-running-LogAnalyzerApiTestCases] INFO  - Started execution of postRequest function
22:15:50.832 [pool-45-thread-9-ScalaTest-running-LogAnalyzerApiTestCases] INFO  - Got parameters from configuratuion
22:15:50.833 [pool-45-thread-9-ScalaTest-running-LogAnalyzerApiTestCases] INFO  - Post request is made to: https://7t2ct7h1b7.execute-api.us-east-1.amazonaws.com/search, With following payload: {"time":"2022-10-30 17:15:29.432","time_duration":3,"pattern":"(.*)"}
22:15:50.833 [pool-45-thread-9-ScalaTest-running-LogAnalyzerApiTestCases] INFO  - Response is: null 
22:15:50.847 [pool-45-thread-9-ScalaTest-running-LogAnalyzerApiTestCases] INFO  - Executing the search function for the input values -> time: 0:0:0.000, deltaTime = 1
22:15:50.847 [pool-45-thread-9-ScalaTest-running-LogAnalyzerApiTestCases] INFO  - Performing the GET request to AWS Lambda function.
22:15:50.848 [pool-45-thread-9-ScalaTest-running-LogAnalyzerApiTestCases] INFO  - GET request is made to: https://7t2ct7h1b7.execute-api.us-east-1.amazonaws.com/search?time=0:0:0.000&date=2022-10-30&time_duration=1&pattern=aaa 
22:15:50.848 [pool-45-thread-9-ScalaTest-running-LogAnalyzerApiTestCases] INFO  - GET request is made to: https://7t2ct7h1b7.execute-api.us-east-1.amazonaws.com/search?time=0:0:0.000&date=2022-10-30&time_duration=1&pattern=aaa 
22:15:50.849 [pool-45-thread-9-ScalaTest-running-LogAnalyzerApiTestCases] INFO  - Sending back the receive response: null
22:15:51.132 [shutdownHook1] INFO  - Server shutting down
22:16:47.561 [shutdownHook1] INFO  - Server shutting down
22:17:00.869 [sbt-bg-threads-1] INFO  - Get request started by AnalyzeRestClient.
22:17:00.871 [sbt-bg-threads-1] INFO  - Started the execution of getRequest function.
22:17:01.051 [sbt-bg-threads-1] INFO  - https://7t2ct7h1b7.execute-api.us-east-1.amazonaws.com/search?time=17:01:44.729&date=2022-10-30&time_duration=3&pattern=(.*)
22:17:03.818 [sbt-bg-threads-1] INFO  - GET request is made to: https://7t2ct7h1b7.execute-api.us-east-1.amazonaws.com/search?time=17:01:44.729&date=2022-10-30&time_duration=3&pattern=(.*) 
22:17:03.819 [sbt-bg-threads-1] INFO  - Response is Patterns present are ['2022-10-30 17:03:41.317 [main] INFO  - Log data generator started...', '2022-10-30 17:03:41.775 [main] WARN  - Max count 100 is used to create records instead of timeouts', '2022-10-30 17:03:48.624 [scala-execution-context-global-11] WARN  - s%]s,+2k|D}K7b/XCwG&@7HDPR8z', '2022-10-30 17:03:57.340 [scala-execution-context-global-11] INFO  - ;kNI&V%v<c#eSDK@lPY(', '2022-10-30 17:03:59.692 [scala-execution-context-global-11] INFO  - l9]|92!uHUQ/IVcz~(;.Uz%K*5jTUd08', "2022-10-30 17:04:08.452 [scala-execution-context-global-11] INFO  - G3sw7^U<^q^Cl!aMTDbNz<:$;?e<.0JD_'", '2022-10-30 17:04:10.610 [scala-execution-context-global-11] WARN  - A><YFqpg+~"E1T', '2022-10-30 17:04:20.291 [scala-execution-context-global-11] DEBUG - JrQB;P0"&+6;&Dk-', '2022-10-30 17:04:25.559 [scala-execution-context-global-11] INFO  - OsI1`qAeU5H;\\+', '2022-10-30 17:04:32.285 [scala-execution-context-global-11] INFO  - [h!Q9PEY>L(NpKLBO"Gjo:=4kRXQ_tZ!', '2022-10-30 17:04:41.906 [scala-execution-context-global-11] INFO  - B?y&C"C5rsb:2037;f&|vM#x?z|Ny|&<44Z8B&rF1#&M', '2022-10-30 17:04:44.379 [scala-execution-context-global-11] WARN  - x2oBSI0/\\%CdfV2%ChSsnZ7vJo=2qJqZ%."kbc!0ne`y&m'] and MD5 for each of the messages are ['15d8af31aa0acdfd54b586d5c1d81b08', '9dedcdadcc4d559094bad7ff06ce7b81', '157b7eb20c8e1bcbbe062b6e8f0aea8a', '599ebb89db6b7acc522f376606bfab4d', 'fcce68774cf90d53b845a0ddd900b1d4', '6fb0edea6a6c11a5506f43bfae5b9c22', '3bd81d4e6323cdf78c34ba18b9841989', '5f4aeb70d6a2c94152e1ffff22542577', 'ede334873ac9c963eaeac2433d072006', 'e2e03a51c47a75fd361a7334e3bb93f7', '370752558998052563a73bcfcc272bac', '343ac4dc1efcb94e93800404436b2994']
22:18:35.099 [sbt-bg-threads-1] INFO  - Post Request started by AnalyzeRestClient
22:18:35.101 [sbt-bg-threads-1] INFO  - Started the execution of getRequest function.
22:18:35.254 [sbt-bg-threads-1] INFO  - https://7t2ct7h1b7.execute-api.us-east-1.amazonaws.com/search?time=17:01:44.729&date=2022-10-30&time_duration=3&pattern=(.*)
22:18:36.669 [sbt-bg-threads-1] INFO  - GET request is made to: https://7t2ct7h1b7.execute-api.us-east-1.amazonaws.com/search?time=17:01:44.729&date=2022-10-30&time_duration=3&pattern=(.*) 
22:18:36.670 [sbt-bg-threads-1] INFO  - Response is Patterns present are ['2022-10-30 17:03:41.317 [main] INFO  - Log data generator started...', '2022-10-30 17:03:41.775 [main] WARN  - Max count 100 is used to create records instead of timeouts', '2022-10-30 17:03:48.624 [scala-execution-context-global-11] WARN  - s%]s,+2k|D}K7b/XCwG&@7HDPR8z', '2022-10-30 17:03:57.340 [scala-execution-context-global-11] INFO  - ;kNI&V%v<c#eSDK@lPY(', '2022-10-30 17:03:59.692 [scala-execution-context-global-11] INFO  - l9]|92!uHUQ/IVcz~(;.Uz%K*5jTUd08', "2022-10-30 17:04:08.452 [scala-execution-context-global-11] INFO  - G3sw7^U<^q^Cl!aMTDbNz<:$;?e<.0JD_'", '2022-10-30 17:04:10.610 [scala-execution-context-global-11] WARN  - A><YFqpg+~"E1T', '2022-10-30 17:04:20.291 [scala-execution-context-global-11] DEBUG - JrQB;P0"&+6;&Dk-', '2022-10-30 17:04:25.559 [scala-execution-context-global-11] INFO  - OsI1`qAeU5H;\\+', '2022-10-30 17:04:32.285 [scala-execution-context-global-11] INFO  - [h!Q9PEY>L(NpKLBO"Gjo:=4kRXQ_tZ!', '2022-10-30 17:04:41.906 [scala-execution-context-global-11] INFO  - B?y&C"C5rsb:2037;f&|vM#x?z|Ny|&<44Z8B&rF1#&M', '2022-10-30 17:04:44.379 [scala-execution-context-global-11] WARN  - x2oBSI0/\\%CdfV2%ChSsnZ7vJo=2qJqZ%."kbc!0ne`y&m'] and MD5 for each of the messages are ['15d8af31aa0acdfd54b586d5c1d81b08', '9dedcdadcc4d559094bad7ff06ce7b81', '157b7eb20c8e1bcbbe062b6e8f0aea8a', '599ebb89db6b7acc522f376606bfab4d', 'fcce68774cf90d53b845a0ddd900b1d4', '6fb0edea6a6c11a5506f43bfae5b9c22', '3bd81d4e6323cdf78c34ba18b9841989', '5f4aeb70d6a2c94152e1ffff22542577', 'ede334873ac9c963eaeac2433d072006', 'e2e03a51c47a75fd361a7334e3bb93f7', '370752558998052563a73bcfcc272bac', '343ac4dc1efcb94e93800404436b2994']
