2022-09-19 11:00:42.965 [main] INFO  uic.edu.cs441.GenerateLogData$ - Log data generator started...
2022-09-19 12:00:43.257 [main] WARN  HelperUtils.Parameters$ - Max count 100 is used to create records instead of timeouts
2022-09-19 12:00:52.804 [scala-execution-context-global-16] WARN  HelperUtils.Parameters$ - s%]s,+2k|D}K7b/XCwG&@7HDPR8z
2022-09-19 12:00:55.607 [scala-execution-context-global-16] ERROR  HelperUtils.Parameters$ - ;kNI&V%v<c#eSDK@lPY(
2022-09-19 12:01:04.082 [scala-execution-context-global-16] ERROR  HelperUtils.Parameters$ - l9]|92!uHUQ/IVcz~(;.Uz%K*5jTUd08
2022-09-19 12:01:07.809 [scala-execution-context-global-16] ERROR  HelperUtils.Parameters$ - G3sw7^U<^q^Cl!aMTDbNz<:$;?e<.0JD_'
2022-09-19 12:01:12.319 [scala-execution-context-global-16] WARN  HelperUtils.Parameters$ - A><YFqpg+~"E1T
2022-09-19 12:01:20.119 [scala-execution-context-global-16] DEBUG HelperUtils.Parameters$ - JrQB;P0"&+6;&Dk-
2022-09-19 12:01:23.714 [scala-execution-context-global-16] ERROR  HelperUtils.Parameters$ - OsI1`qAeU5H;\+
2022-09-19 12:01:27.241 [scala-execution-context-global-16] ERROR  HelperUtils.Parameters$ - [h!Q9PEY>L(NpKLBO"Gjo:=4kRXQ_tZ!
2022-09-19 12:01:32.788 [scala-execution-context-global-16] ERROR  HelperUtils.Parameters$ - B?y&C"C5rsb:2037;f&|vM#x?z|Ny|&<44Z8B&rF1#&M
2022-09-19 12:01:40.935 [scala-execution-context-global-16] WARN  HelperUtils.Parameters$ - x2oBSI0/\%CdfV2%ChSsnZ7vJo=2qJqZ%."kbc!0ne`y&m
2022-09-19 12:01:48.230 [scala-execution-context-global-16] ERROR HelperUtils.Parameters$ - ihu}!A2]*07}|,lc
2022-09-19 12:01:55.881 [scala-execution-context-global-16] ERROR  HelperUtils.Parameters$ - CC]>~R#,^#0JWyESarZdETDcvk)Yk'I?
2022-09-19 12:01:57.121 [scala-execution-context-global-16] WARN  HelperUtils.Parameters$ - Swq;g+6M:?820=Gmd#.p)sFaqoKc^mm](.A8Z-4-].tp|cfR\~rc(m^{
2022-09-19 12:01:58.134 [scala-execution-context-global-16] ERROR  HelperUtils.Parameters$ - zXK=Fze%-6Iv-^q{zhG|EUzvd);tOj-:
2022-09-19 12:02:05.336 [scala-execution-context-global-16] ERROR  HelperUtils.Parameters$ - ^<A>61@{3[KEk@M/Xh-q%sco3Dkwq~
2022-09-19 12:02:13.710 [scala-execution-context-global-16] WARN  HelperUtils.Parameters$ - Bv^B8Re'$VG)[P".g*?f<G\l5n.18B|i<E&rgPQZ;wBeA{4O/fy+Pp
2022-09-19 12:02:12.894 [scala-execution-context-global-16] WARN  HelperUtils.Parameters$ - k1H+R#/%d0>Q>N:6\enT]U
2022-09-19 12:02:23.718 [scala-execution-context-global-16] ERROR  HelperUtils.Parameters$ - 8G;,3m_T`G#H]&Yh:Ei1%fp''5`P8mbg3ce3ag1cf2ae2ag3%<Bqz8fMm#{JWqMdoc_2N/|wf8]
2022-09-19 12:02:32.958 [scala-execution-context-global-16] DEBUG HelperUtils.Parameters$ - .MqB46rEo`x[g.|?f9TKXJd48CBL@tP;af@"0[/k!S6>Fo+=
2022-09-19 12:02:41.127 [scala-execution-context-global-16] WARN  HelperUtils.Parameters$ - <z8Ls9SYj6`TmjXu
2022-09-19 12:02:50.535 [scala-execution-context-global-16] ERROR  HelperUtils.Parameters$ - E;[L@X$l7HG!k{rth*A0(t>J!C%:hp\`f?O:,Ty}U!]IXwG(2J.A
2022-09-19 12:02:55.466 [scala-execution-context-global-16] DEBUG HelperUtils.Parameters$ - %b\`@IP=:uYQ
2022-09-19 12:02:57.674 [scala-execution-context-global-16] ERROR  HelperUtils.Parameters$ - ZT9X#BSB)gByYA9lC9gC5lbg0ag3T8jbe0cg0XyW4QlWE=j$*>
2022-09-19 12:03:06.484 [scala-execution-context-global-16] ERROR  HelperUtils.Parameters$ - U#Otb64b$y${
2022-09-19 12:03:15.148 [scala-execution-context-global-16] ERROR  HelperUtils.Parameters$ - iaoI>3xv1^NU#iM?nQ-9w?O[<+^fcfmvs[h{
2022-09-19 12:03:23.668 [scala-execution-context-global-16] ERROR  HelperUtils.Parameters$ - ?BO@:/=o(4>M)wmpERsdm7NfI`.~Bf4i9')`A=
2022-09-19 12:03:25.482 [scala-execution-context-global-16] WARN  HelperUtils.Parameters$ - W.Wa*4;=!<QN@G?m=Y
2022-09-19 12:03:28.058 [scala-execution-context-global-16] ERROR  HelperUtils.Parameters$ - myM,HQi93INGelm)xN
2022-09-19 12:03:34.096 [scala-execution-context-global-16] ERROR  HelperUtils.Parameters$ - 7x)UG++smf>|`.Y=9QT]h%2$zA['B~%/6H1{_5U,2CQM^"C&R_
2022-09-19 12:03:37.113 [scala-execution-context-global-16] WARN  HelperUtils.Parameters$ - =*5.cjJ'I%dd{-{:3g)0a50x"w"HtHQgj!J8&$f4/Tq+]iy\L)5Q3a)~
2022-09-19 12:03:41.023 [scala-execution-context-global-16] ERROR HelperUtils.Parameters$ - <u95j)U=t.hzb))Fh7Ox{E:>mcYo
2022-09-19 12:03:47.029 [scala-execution-context-global-16] WARN  HelperUtils.Parameters$ - ,s7%*+';pveMhV`{!h!{!$-6J_{D]L(VWH099RK`oTN(k#WMNWBE
2022-09-19 12:03:56.804 [scala-execution-context-global-16] WARN  HelperUtils.Parameters$ - !$t_yx)/!6LK0+H!F-,C&hvck}}YlwS%Md$bQ*jG|@-8Ez
2022-09-19 12:04:02.479 [scala-execution-context-global-16] ERROR  HelperUtils.Parameters$ - bN&m0Wz@B9~9rzO.CvK#?hxmp2&v?yLS4vYYy\U|*n3km]m~RI^|icN^wD
2022-09-19 12:04:04.521 [scala-execution-context-global-16] ERROR  HelperUtils.Parameters$ - E8@ey:B'\gW<#={>::Q[$#
2022-09-19 12:04:08.082 [scala-execution-context-global-16] ERROR  HelperUtils.Parameters$ - oL2="h~r!\d=f_*VGcKG\Ef\HOi,g}RwxR|"cLSnEClyv4x_@{tMOf
2022-09-19 12:04:12.300 [scala-execution-context-global-16] WARN  HelperUtils.Parameters$ - K#]/MH;w"IGPWfU+
2022-09-19 12:04:20.002 [scala-execution-context-global-16] WARN  HelperUtils.Parameters$ - fqPIsNN9'.`E68k7FHbNq/!V8fFs
2022-09-19 12:04:26.600 [scala-execution-context-global-16] DEBUG HelperUtils.Parameters$ - _s]v9@397mu0c`1/
2022-09-19 12:04:28.706 [scala-execution-context-global-16] ERROR  HelperUtils.Parameters$ - fYqm:4F_i8ALu$?-u@RAQAyk-!=T6Sa%Cp7LhjLWRh9JGSes{p?Z_y
2022-09-19 12:04:37.341 [scala-execution-context-global-16] WARN  HelperUtils.Parameters$ - h"^l~yOI}U;>x;{AVZl!w_
2022-09-19 12:04:38.658 [scala-execution-context-global-16] ERROR  HelperUtils.Parameters$ - )s2?k(I1QfKB')igHN:*JJM:$bj_xVf2^p`5
2022-09-19 12:04:45.922 [scala-execution-context-global-16] ERROR  HelperUtils.Parameters$ - xl0,ZcH%!5_{(HH{}aw)Ol|s3%EL
2022-09-19 12:04:51.262 [scala-execution-context-global-16] ERROR  HelperUtils.Parameters$ - PK`>s&CY\SBczf:3RZdcf3cg3cg2H6hE5ibf0ae1ae1+3J.W8cq;0)y%K6Xu!V
2022-09-19 12:04:54.408 [scala-execution-context-global-16] DEBUG HelperUtils.Parameters$ - &Y$hY}OZ(L~Lc/9_lHf_=a<.L1pC
2022-09-19 12:05:00.013 [scala-execution-context-global-16] WARN  HelperUtils.Parameters$ - *WAybU[SZ9`Z,`*p&2k\3J{zrT0/uZ?yf*Rz,uu,+S)r
2022-09-19 12:05:04.831 [scala-execution-context-global-16] ERROR  HelperUtils.Parameters$ - <(i!E0W_*ppTYw
2022-09-19 12:05:08.442 [scala-execution-context-global-16] ERROR  HelperUtils.Parameters$ - W@)Ew=Qr/nt6[&!OK5Z\D0jk%y@zJ%{~6+gx++XnEtOq#GXl1$
2022-09-19 12:05:16.312 [scala-execution-context-global-16] ERROR  HelperUtils.Parameters$ - %12:(FlC7^|O2AA4Hq
2022-09-19 12:05:18.925 [scala-execution-context-global-16] ERROR  HelperUtils.Parameters$ - ZeGv);?y$UmKpH=#H9.oI512G<&&
2022-09-19 12:05:25.408 [scala-execution-context-global-16] ERROR  HelperUtils.Parameters$ - )z7W(6Z%3%_LN4ppU9cwx8(1K!ORU]_Nrh*)7AafjZrQq{(VJt%(b@:M
2022-09-19 12:05:34.489 [scala-execution-context-global-16] ERROR  HelperUtils.Parameters$ - 8><hZtzQYNt)%c-n,+
2022-09-19 12:05:36.974 [scala-execution-context-global-16] ERROR  HelperUtils.Parameters$ - i/{H#g++kB&{>;cxxS3c\NK'BILE4g;iG8y%?t*-eoJ5~Wg>ebo/>WS+t7
2022-09-19 12:05:39.043 [scala-execution-context-global-16] ERROR  HelperUtils.Parameters$ - P%@:S*R`#v,2-he\HkhK:;Y8eEtuaZMcD<P;2|P")6Ex+u{v1C
2022-09-19 12:05:48.030 [scala-execution-context-global-16] WARN  HelperUtils.Parameters$ - c"o+Q?c=K)-xdq++iB&>
2022-09-19 12:05:56.029 [scala-execution-context-global-16] WARN  HelperUtils.Parameters$ - 8C-2+,nu&O70dx'z=#+"z(:*.r)af0ag2V8ibe1cg3C6rcf0be2cf0F8n4Js76{!s>s23q1a'#1"6{m3=]y7
2022-09-19 12:06:05.218 [scala-execution-context-global-16] ERROR  HelperUtils.Parameters$ - :(uYZrJr=nXW;cyz#p{"8MxCzLGWW<,.P'h^`jMpvtRtyO
2022-09-19 12:06:09.591 [scala-execution-context-global-16] ERROR  HelperUtils.Parameters$ - ++GZ/$.8I^cNM<H.\>j0WEMsvDkK'Fvgs?A,.GW],E<SnP{<ygKJ
2022-09-19 12:06:15.059 [scala-execution-context-global-16] WARN  HelperUtils.Parameters$ - b?K.lF6#5J8:&6d2\lkC0K5b"M1\
2022-09-19 12:06:23.384 [scala-execution-context-global-16] WARN  HelperUtils.Parameters$ - /XrgY[I9mR7mB7faf1af2B6uz7<)-h
2022-09-19 12:06:31.630 [scala-execution-context-global-16] ERROR  HelperUtils.Parameters$ - N2O>py_/FU4teX"v)Zc6r`d!R:
2022-09-19 17:06:37.866 [scala-execution-context-global-16] ERROR  HelperUtils.Parameters$ - 1.H5Y_d~bkPf_}3ZX.~ei9Y0
2022-09-19 17:06:39.400 [scala-execution-context-global-16] ERROR  HelperUtils.Parameters$ - aO;$tm^\F28d9d|:}'B8nbe1af1cf0be3K5mbg2W8gc/axk,v>x$!\-IU%)`
2022-09-19 17:06:42.790 [scala-execution-context-global-16] DEBUG HelperUtils.Parameters$ - -OXcg$:db%$r^b`O]HBBd.3uu.>uWi
2022-09-19 17:06:52.119 [scala-execution-context-global-16] ERROR  HelperUtils.Parameters$ - N8Un6\a9sD^\em-wibTJ%z0$)P],s"!b
2022-09-19 17:07:00.974 [scala-execution-context-global-16] ERROR  HelperUtils.Parameters$ - %zSn"<hg+&Rf3|K|8=cuYGYch$GjP2(@U^vG~8Fg-u+U
2022-09-19 17:07:03.451 [scala-execution-context-global-16] ERROR  HelperUtils.Parameters$ - SXbUu3Q~@>K6W6|>R;(UchwDO).U=E*q`w)']62T3dr0JtkxTH`t
2022-09-19 17:07:05.216 [scala-execution-context-global-16] ERROR  HelperUtils.Parameters$ - .pbUX]>-Iyz|Y=9_{S8'79_``&)^06OscVQIX>R>}/!7$6O,
2022-09-19 17:07:07.606 [scala-execution-context-global-16] ERROR  HelperUtils.Parameters$ - o+zVeh?jRSyBgYf.zYK(Nm!>YT-v2><2}k|xka1L
2022-09-19 17:07:17.200 [scala-execution-context-global-16] ERROR  HelperUtils.Parameters$ - *l,%8~/s"1q0[DX[BOJ3
2022-09-19 17:07:20.923 [scala-execution-context-global-16] WARN  HelperUtils.Parameters$ - fna-ClY-nIJJaf3Y5jD7fZ9qP5g"'JzfZx,$94T
2022-09-19 17:07:26.128 [scala-execution-context-global-16] ERROR  HelperUtils.Parameters$ - Iq.}6K(]$4w"Ji
2022-09-19 17:07:30.003 [scala-execution-context-global-16] WARN  HelperUtils.Parameters$ - zbg{|',;#s:c)Ia:C+z:!q\H"s0&FhVoq'MOs[4]S"^VVl3<-UBgTM&u
2022-09-19 17:07:38.561 [scala-execution-context-global-16] ERROR  HelperUtils.Parameters$ - nLU@T'PM43C'5(
2022-09-19 18:07:46.635 [scala-execution-context-global-16] ERROR  HelperUtils.Parameters$ - [b&;X$yF3-<Z6NJbY`'Mi[^ZP`[A+oksrHAw#7
2022-09-19 18:07:51.445 [scala-execution-context-global-16] ERROR  HelperUtils.Parameters$ - c|"{9w>%/=q06OLTO_"i>YTs
2022-09-19 18:07:52.578 [scala-execution-context-global-16] ERROR  HelperUtils.Parameters$ - CD8`c@ewOxS;udP%:w/mi:[CTBOyccZfMtX[g=c.`V%>
2022-09-19 18:07:55.921 [scala-execution-context-global-16] WARN  HelperUtils.Parameters$ - +[y'nccZaX%wn8q^'i8psxF6jT9gbg2cf2T8wT6oP3~^A0D]^(xHW}_'cMq`l0
2022-09-19 18:07:59.336 [scala-execution-context-global-16] ERROR  HelperUtils.Parameters$ - (eY?LzE*aLV#4!O_`suWGlah
2022-09-19 18:08:00.774 [scala-execution-context-global-16] ERROR  HelperUtils.Parameters$ - 4&A@l7Tq'8yfm_3$W;zXXn4t@n\gO%7oi?/w-MB,esSyj+sXuv]]DxN7&By'
2022-09-19 18:08:03.511 [scala-execution-context-global-16] ERROR  HelperUtils.Parameters$ - /VZQRj_U_mq^k;7}T1{[VkX4pi`*XI;!%3
2022-09-19 18:08:12.305 [scala-execution-context-global-16] ERROR  HelperUtils.Parameters$ - X!:KJKG{k7p}1wj1ky&(aFc6GbtzIaXdoQ$f:'
2022-09-19 18:08:17.521 [scala-execution-context-global-16] WARN  HelperUtils.Parameters$ - x+b]JMP;_cBB90'^!%)eim.b@\y,\&tT@bx1_lM;2y?m%-)tL#e4
2022-09-19 18:08:19.449 [scala-execution-context-global-16] ERROR  HelperUtils.Parameters$ - IX.r`71$!n^ieCQdhfM%c8bBCilaxr`-UJ/RZ\
2022-09-19 18:08:27.936 [scala-execution-context-global-16] WARN  HelperUtils.Parameters$ - Js&FjO^AcCtWM48]RQv*DW20
2022-09-19 18:08:31.191 [scala-execution-context-global-16] WARN  HelperUtils.Parameters$ - l\mDrQAlzsir+KGFk;DU&AD;{)j){=
2022-09-19 18:08:39.617 [scala-execution-context-global-16] ERROR  HelperUtils.Parameters$ - n30{a_MpfCI8mG5faf3E9scf0af2cf2C9oce0cf3ZfO'<*)f%@
2022-09-19 18:08:41.967 [scala-execution-context-global-16] ERROR  HelperUtils.Parameters$ - F9KVQs]F{y%Q
2022-09-19 18:08:51.361 [scala-execution-context-global-16] ERROR  HelperUtils.Parameters$ - by4"Ao`_x9%]W"F<(-o0Q]_Bh)q"jv#Q(9
2022-09-19 18:09:01.018 [scala-execution-context-global-16] ERROR  HelperUtils.Parameters$ - loeqC&z*+/ceLr+9KRdJS\<[M_ag{_j(8s@f="sHZ\?}&I$%r6
2022-09-19 18:09:04.383 [scala-execution-context-global-16] ERROR  HelperUtils.Parameters$ - P\S#IUkZ0?IV!M['PCANbKO'df.9I}jE$<:|Uj$a
2022-09-19 18:09:08.459 [scala-execution-context-global-16] ERROR  HelperUtils.Parameters$ - hSA^)6IF~xH)DzQ\W,M$*LvL?fg2G%OLf&b)
2022-09-19 18:09:17.232 [scala-execution-context-global-16] ERROR  HelperUtils.Parameters$ - Icg>na,l$MC.YaRG7B@;
2022-09-19 18:09:25.738 [scala-execution-context-global-16] ERROR  HelperUtils.Parameters$ - M/jT@VbtM/OWA.o;5rGz\4aPxuv0,>fv9@)P)9<Si{I9
2022-09-19 18:09:27.977 [scala-execution-context-global-16] WARN  HelperUtils.Parameters$ - 0%0vniIb'G.6p'COSM'c
2022-09-19 18:09:32.597 [scala-execution-context-global-16] WARN  HelperUtils.Parameters$ - /c7Pe?8<^um;oeAT\<o#Wsc~-.tu9wVGPI1b[F
2022-09-19 18:09:40.705 [scala-execution-context-global-16] ERROR  HelperUtils.Parameters$ - 3vzgm>^$C:/hyPQN4Em;yR1R>p:9/`$S7y"SyFv(<*S#
2022-09-19 18:09:49.664 [scala-execution-context-global-16] ERROR  HelperUtils.Parameters$ - "4}f6;>s2F0eYa0Hi~!dQpB1Tn65.$70EJ[SNluXU2]ei'
2022-09-19 18:09:57.309 [scala-execution-context-global-16] DEBUG HelperUtils.Parameters$ - Uy~+{>,)e)dOs'd4Y$`JE]?"]ItSdfI)Z{ce>7@-zH
2022-09-19 18:10:05.965 [scala-execution-context-global-16] ERROR  HelperUtils.Parameters$ - mW;o&Cl6cA;fwPKKd$VeEafUpEy0v['Pm5?p,.Zk89:}
2022-09-19 18:10:05.966 [main] ERROR  uic.edu.cs441.GenerateLogData$ - Log data generation has completed after generating 100 records.
2022-09-19 18:00:42.965 [main] ERROR  uic.edu.cs441.GenerateLogData$ - Log data generator started...
2022-09-19 18:00:43.257 [main] WARN  HelperUtils.Parameters$ - Max count 100 is used to create records instead of timeouts
2022-09-19 18:00:52.804 [scala-execution-context-global-16] WARN  HelperUtils.Parameters$ - s%]s,+2k|D}K7b/XCwG&@7HDPR8z
2022-09-19 18:00:55.607 [scala-execution-context-global-16] ERROR  HelperUtils.Parameters$ - ;kNI&V%v<c#eSDK@lPY(
2022-09-19 18:01:04.082 [scala-execution-context-global-16] ERROR  HelperUtils.Parameters$ - l9]|92!uHUQ/IVcz~(;.Uz%K*5jTUd08
2022-09-19 18:01:07.809 [scala-execution-context-global-16] ERROR  HelperUtils.Parameters$ - G3sw7^U<^q^Cl!aMTDbNz<:$;?e<.0JD_'
2022-09-19 18:01:12.319 [scala-execution-context-global-16] WARN  HelperUtils.Parameters$ - A><YFqpg+~"E1T
2022-09-19 18:01:20.119 [scala-execution-context-global-16] DEBUG HelperUtils.Parameters$ - JrQB;P0"&+6;&Dk-
2022-09-19 18:01:23.714 [scala-execution-context-global-16] ERROR  HelperUtils.Parameters$ - OsI1`qAeU5H;\+
2022-09-19 18:01:27.241 [scala-execution-context-global-16] ERROR  HelperUtils.Parameters$ - [h!Q9PEY>L(NpKLBO"Gjo:=4kRXQ_tZ!
2022-09-19 18:01:32.788 [scala-execution-context-global-16] ERROR  HelperUtils.Parameters$ - B?y&C"C5rsb:2037;f&|vM#x?z|Ny|&<44Z8B&rF1#&M
2022-09-19 18:01:40.935 [scala-execution-context-global-16] WARN  HelperUtils.Parameters$ - x2oBSI0/\%CdfV2%ChSsnZ7vJo=2qJqZ%."kbc!0ne`y&m
2022-09-19 18:01:48.230 [scala-execution-context-global-16] ERROR HelperUtils.Parameters$ - ihu}!A2]*07}|,lc
2022-09-19 18:01:55.881 [scala-execution-context-global-16] ERROR  HelperUtils.Parameters$ - CC]>~R#,^#0JWyESarZdETDcvk)Yk'I?
2022-09-19 18:01:57.121 [scala-execution-context-global-16] WARN  HelperUtils.Parameters$ - Swq;g+6M:?820=Gmd#.p)sFaqoKc^mm](.A8Z-4-].tp|cfR\~rc(m^{
2022-09-19 18:01:58.134 [scala-execution-context-global-16] ERROR  HelperUtils.Parameters$ - zXK=Fze%-6Iv-^q{zhG|EUzvd);tOj-:
2022-09-19 18:02:05.336 [scala-execution-context-global-16] ERROR  HelperUtils.Parameters$ - ^<A>61@{3[KEk@M/Xh-q%sco3Dkwq~
2022-09-19 18:02:13.710 [scala-execution-context-global-16] WARN  HelperUtils.Parameters$ - Bv^B8Re'$VG)[P".g*?f<G\l5n.18B|i<E&rgPQZ;wBeA{4O/fy+Pp
2022-09-19 18:02:17.894 [scala-execution-context-global-16] WARN  HelperUtils.Parameters$ - k1H+R#/%d0>Q>N:6\enT]U
2022-09-19 18:02:23.718 [scala-execution-context-global-16] ERROR  HelperUtils.Parameters$ - 8G;,3m_T`G#H]&Yh:Ei1%fp''5`P8mbg3ce3ag1cf2ae2ag3%<Bqz8fMm#{JWqMdoc_2N/|wf8]
2022-09-19 18:02:32.958 [scala-execution-context-global-16] DEBUG HelperUtils.Parameters$ - .MqB46rEo`x[g.|?f9TKXJd48CBL@tP;af@"0[/k!S6>Fo+=
2022-09-19 18:02:41.127 [scala-execution-context-global-16] WARN  HelperUtils.Parameters$ - <z8Ls9SYj6`TmjXu
2022-09-19 18:02:50.535 [scala-execution-context-global-16] ERROR  HelperUtils.Parameters$ - E;[L@X$l7HG!k{rth*A0(t>J!C%:hp\`f?O:,Ty}U!]IXwG(2J.A
2022-09-19 18:02:55.466 [scala-execution-context-global-16] DEBUG HelperUtils.Parameters$ - %b\`@IP=:uYQ
2022-09-19 18:02:57.674 [scala-execution-context-global-16] ERROR  HelperUtils.Parameters$ - ZT9X#BSB)gByYA9lC9gC5lbg0ag3T8jbe0cg0XyW4QlWE=j$*>
2022-09-19 18:03:06.484 [scala-execution-context-global-16] ERROR  HelperUtils.Parameters$ - U#Otb64b$y${
2022-09-19 18:03:15.148 [scala-execution-context-global-16] INFO  HelperUtils.Parameters$ - iaoI>3xv1^NU#iM?nQ-9w?O[<+^fcfmvs[h{
2022-09-19 18:03:23.668 [scala-execution-context-global-16] INFO  HelperUtils.Parameters$ - ?BO@:/=o(4>M)wmpERsdm7NfI`.~Bf4i9')`A=
2022-09-19 18:03:25.482 [scala-execution-context-global-16] WARN  HelperUtils.Parameters$ - W.Wa*4;=!<QN@G?m=Y
2022-09-19 18:03:28.058 [scala-execution-context-global-16] INFO  HelperUtils.Parameters$ - myM,HQi93INGelm)xN
2022-09-19 18:03:34.096 [scala-execution-context-global-16] INFO  HelperUtils.Parameters$ - 7x)UG++smf>|`.Y=9QT]h%2$zA['B~%/6H1{_5U,2CQM^"C&R_
2022-09-19 18:03:37.113 [scala-execution-context-global-16] WARN  HelperUtils.Parameters$ - =*5.cjJ'I%dd{-{:3g)0a50x"w"HtHQgj!J8&$f4/Tq+]iy\L)5Q3a)~
2022-09-19 18:03:41.023 [scala-execution-context-global-16] ERROR HelperUtils.Parameters$ - <u95j)U=t.hzb))Fh7Ox{E:>mcYo
2022-09-19 18:03:47.029 [scala-execution-context-global-16] WARN  HelperUtils.Parameters$ - ,s7%*+';pveMhV`{!h!{!$-6J_{D]L(VWH099RK`oTN(k#WMNWBE
2022-09-19 18:03:56.804 [scala-execution-context-global-16] WARN  HelperUtils.Parameters$ - !$t_yx)/!6LK0+H!F-,C&hvck}}YlwS%Md$bQ*jG|@-8Ez
2022-09-19 18:04:02.479 [scala-execution-context-global-16] INFO  HelperUtils.Parameters$ - bN&m0Wz@B9~9rzO.CvK#?hxmp2&v?yLS4vYYy\U|*n3km]m~RI^|icN^wD
2022-09-19 18:04:04.521 [scala-execution-context-global-16] INFO  HelperUtils.Parameters$ - E8@ey:B'\gW<#={>::Q[$#
2022-09-19 18:04:08.082 [scala-execution-context-global-16] INFO  HelperUtils.Parameters$ - oL2="h~r!\d=f_*VGcKG\Ef\HOi,g}RwxR|"cLSnEClyv4x_@{tMOf
2022-09-19 18:04:12.300 [scala-execution-context-global-16] WARN  HelperUtils.Parameters$ - K#]/MH;w"IGPWfU+
2022-09-19 18:04:20.002 [scala-execution-context-global-16] WARN  HelperUtils.Parameters$ - fqPIsNN9'.`E68k7FHbNq/!V8fFs
2022-09-19 18:04:26.600 [scala-execution-context-global-16] DEBUG HelperUtils.Parameters$ - _s]v9@397mu0c`1/
2022-09-19 18:04:28.706 [scala-execution-context-global-16] INFO  HelperUtils.Parameters$ - fYqm:4F_i8ALu$?-u@RAQAyk-!=T6Sa%Cp7LhjLWRh9JGSes{p?Z_y
2022-09-19 18:04:37.341 [scala-execution-context-global-16] WARN  HelperUtils.Parameters$ - h"^l~yOI}U;>x;{AVZl!w_
2022-09-19 18:04:38.658 [scala-execution-context-global-16] INFO  HelperUtils.Parameters$ - )s2?k(I1QfKB')igHN:*JJM:$bj_xVf2^p`5
2022-09-19 18:04:45.922 [scala-execution-context-global-16] INFO  HelperUtils.Parameters$ - xl0,ZcH%!5_{(HH{}aw)Ol|s3%EL
2022-09-19 18:04:51.262 [scala-execution-context-global-16] INFO  HelperUtils.Parameters$ - PK`>s&CY\SBczf:3RZdcf3cg3cg2H6hE5ibf0ae1ae1+3J.W8cq;0)y%K6Xu!V
2022-09-19 18:04:54.408 [scala-execution-context-global-16] DEBUG HelperUtils.Parameters$ - &Y$hY}OZ(L~Lc/9_lHf_=a<.L1pC
2022-09-19 18:05:00.013 [scala-execution-context-global-16] WARN  HelperUtils.Parameters$ - *WAybU[SZ9`Z,`*p&2k\3J{zrT0/uZ?yf*Rz,uu,+S)r
2022-09-19 18:05:04.831 [scala-execution-context-global-16] INFO  HelperUtils.Parameters$ - <(i!E0W_*ppTYw
2022-09-19 18:05:08.442 [scala-execution-context-global-16] INFO  HelperUtils.Parameters$ - W@)Ew=Qr/nt6[&!OK5Z\D0jk%y@zJ%{~6+gx++XnEtOq#GXl1$
2022-09-19 18:05:16.317 [scala-execution-context-global-16] INFO  HelperUtils.Parameters$ - %18:(FlC7^|O2AA4Hq
2022-09-19 17:05:18.925 [scala-execution-context-global-16] INFO  HelperUtils.Parameters$ - ZeGv);?y$UmKpH=#H9.oI512G<&&
2022-09-19 17:05:25.408 [scala-execution-context-global-16] INFO  HelperUtils.Parameters$ - )z7W(6Z%3%_LN4ppU9cwx8(1K!ORU]_Nrh*)7AafjZrQq{(VJt%(b@:M
2022-09-19 17:05:34.489 [scala-execution-context-global-16] INFO  HelperUtils.Parameters$ - 8><hZtzQYNt)%c-n,+
2022-09-19 17:05:36.974 [scala-execution-context-global-16] INFO  HelperUtils.Parameters$ - i/{H#g++kB&{>;cxxS3c\NK'BILE4g;iG8y%?t*-eoJ5~Wg>ebo/>WS+t7
2022-09-19 17:05:39.043 [scala-execution-context-global-16] INFO  HelperUtils.Parameters$ - P%@:S*R`#v,2-he\HkhK:;Y8eEtuaZMcD<P;2|P")6Ex+u{v1C
2022-09-19 17:05:48.030 [scala-execution-context-global-16] WARN  HelperUtils.Parameters$ - c"o+Q?c=K)-xdq++iB&>
2022-09-19 17:05:56.029 [scala-execution-context-global-16] WARN  HelperUtils.Parameters$ - 8C-2+,nu&O70dx'z=#+"z(:*.r)af0ag2V8ibe1cg3C6rcf0be2cf0F8n4Js76{!s>s23q1a'#1"6{m3=]y7
2022-09-19 17:06:05.218 [scala-execution-context-global-16] INFO  HelperUtils.Parameters$ - :(uYZrJr=nXW;cyz#p{"8MxCzLGWW<,.P'h^`jMpvtRtyO
2022-09-19 17:06:09.591 [scala-execution-context-global-16] INFO  HelperUtils.Parameters$ - ++GZ/$.8I^cNM<H.\>j0WEMsvDkK'Fvgs?A,.GW],E<SnP{<ygKJ
2022-09-19 17:06:15.059 [scala-execution-context-global-16] WARN  HelperUtils.Parameters$ - b?K.lF6#5J8:&6d2\lkC0K5b"M1\
2022-09-19 17:06:23.384 [scala-execution-context-global-16] WARN  HelperUtils.Parameters$ - /XrgY[I9mR7mB7faf1af2B6uz7<)-h
2022-09-19 17:06:31.630 [scala-execution-context-global-16] INFO  HelperUtils.Parameters$ - N2O>py_/FU4teX"v)Zc6r`d!R:
2022-09-19 17:06:37.866 [scala-execution-context-global-16] INFO  HelperUtils.Parameters$ - 1.H5Y_d~bkPf_}3ZX.~ei9Y0
2022-09-19 17:06:39.400 [scala-execution-context-global-16] INFO  HelperUtils.Parameters$ - aO;$tm^\F28d9d|:}'B8nbe1af1cf0be3K5mbg2W8gc/axk,v>x$!\-IU%)`
2022-09-19 17:06:42.790 [scala-execution-context-global-16] DEBUG HelperUtils.Parameters$ - -OXcg$:db%$r^b`O]HBBd.3uu.>uWi
2022-09-19 17:06:52.119 [scala-execution-context-global-16] INFO  HelperUtils.Parameters$ - N8Un6\a9sD^\em-wibTJ%z0$)P],s"!b
2022-09-19 17:07:00.974 [scala-execution-context-global-16] INFO  HelperUtils.Parameters$ - %zSn"<hg+&Rf3|K|8=cuYGYch$GjP2(@U^vG~8Fg-u+U
2022-09-19 17:07:03.451 [scala-execution-context-global-16] INFO  HelperUtils.Parameters$ - SXbUu3Q~@>K6W6|>R;(UchwDO).U=E*q`w)']62T3dr0JtkxTH`t
2022-09-19 17:07:05.216 [scala-execution-context-global-16] INFO  HelperUtils.Parameters$ - .pbUX]>-Iyz|Y=9_{S8'79_``&)^06OscVQIX>R>}/!7$6O,
2022-09-19 17:07:07.606 [scala-execution-context-global-16] INFO  HelperUtils.Parameters$ - o+zVeh?jRSyBgYf.zYK(Nm!>YT-v2><2}k|xka1L
2022-09-19 17:07:17.200 [scala-execution-context-global-16] INFO  HelperUtils.Parameters$ - *l,%8~/s"1q0[DX[BOJ3
2022-09-19 17:07:20.923 [scala-execution-context-global-16] WARN  HelperUtils.Parameters$ - fna-ClY-nIJJaf3Y5jD7fZ9qP5g"'JzfZx,$94T
2022-09-19 17:07:26.128 [scala-execution-context-global-16] INFO  HelperUtils.Parameters$ - Iq.}6K(]$4w"Ji
2022-09-19 17:07:30.003 [scala-execution-context-global-16] WARN  HelperUtils.Parameters$ - zbg{|',;#s:c)Ia:C+z:!q\H"s0&FhVoq'MOs[4]S"^VVl3<-UBgTM&u
2022-09-19 17:07:38.561 [scala-execution-context-global-16] INFO  HelperUtils.Parameters$ - nLU@T'PM43C'5(
2022-09-19 17:07:46.635 [scala-execution-context-global-16] INFO  HelperUtils.Parameters$ - [b&;X$yF3-<Z6NJbY`'Mi[^ZP`[A+oksrHAw#7
2022-09-19 17:07:51.445 [scala-execution-context-global-16] INFO  HelperUtils.Parameters$ - c|"{9w>%/=q06OLTO_"i>YTs
2022-09-19 17:07:52.578 [scala-execution-context-global-16] INFO  HelperUtils.Parameters$ - CD8`c@ewOxS;udP%:w/mi:[CTBOyccZfMtX[g=c.`V%>
2022-09-19 17:07:55.921 [scala-execution-context-global-16] WARN  HelperUtils.Parameters$ - +[y'nccZaX%wn8q^'i8psxF6jT9gbg2cf2T8wT6oP3~^A0D]^(xHW}_'cMq`l0
2022-09-19 17:07:59.336 [scala-execution-context-global-16] INFO  HelperUtils.Parameters$ - (eY?LzE*aLV#4!O_`suWGlah
2022-09-19 17:08:00.774 [scala-execution-context-global-16] INFO  HelperUtils.Parameters$ - 4&A@l7Tq'8yfm_3$W;zXXn4t@n\gO%7oi?/w-MB,esSyj+sXuv]]DxN7&By'
2022-09-19 17:08:03.511 [scala-execution-context-global-16] INFO  HelperUtils.Parameters$ - /VZQRj_U_mq^k;7}T1{[VkX4pi`*XI;!%3
2022-09-19 17:08:12.305 [scala-execution-context-global-16] INFO  HelperUtils.Parameters$ - X!:KJKG{k7p}1wj1ky&(aFc6GbtzIaXdoQ$f:'
2022-09-19 17:08:17.521 [scala-execution-context-global-16] WARN  HelperUtils.Parameters$ - x+b]JMP;_cBB90'^!%)eim.b@\y,\&tT@bx1_lM;2y?m%-)tL#e4
2022-09-19 17:08:19.449 [scala-execution-context-global-16] INFO  HelperUtils.Parameters$ - IX.r`71$!n^ieCQdhfM%c8bBCilaxr`-UJ/RZ\
2022-09-19 17:08:27.936 [scala-execution-context-global-16] WARN  HelperUtils.Parameters$ - Js&FjO^AcCtWM48]RQv*DW20
2022-09-19 17:08:31.191 [scala-execution-context-global-16] WARN  HelperUtils.Parameters$ - l\mDrQAlzsir+KGFk;DU&AD;{)j){=
2022-09-19 17:08:39.617 [scala-execution-context-global-16] INFO  HelperUtils.Parameters$ - n30{a_MpfCI8mG5faf3E9scf0af2cf2C9oce0cf3ZfO'<*)f%@
2022-09-19 17:08:41.967 [scala-execution-context-global-16] INFO  HelperUtils.Parameters$ - F9KVQs]F{y%Q
2022-09-19 17:08:51.361 [scala-execution-context-global-16] INFO  HelperUtils.Parameters$ - by4"Ao`_x9%]W"F<(-o0Q]_Bh)q"jv#Q(9
2022-09-19 17:09:01.018 [scala-execution-context-global-16] INFO  HelperUtils.Parameters$ - loeqC&z*+/ceLr+9KRdJS\<[M_ag{_j(8s@f="sHZ\?}&I$%r6
2022-09-19 17:09:04.383 [scala-execution-context-global-16] INFO  HelperUtils.Parameters$ - P\S#IUkZ0?IV!M['PCANbKO'df.9I}jE$<:|Uj$a
2022-09-19 19:09:08.459 [scala-execution-context-global-16] INFO  HelperUtils.Parameters$ - hSA^)6IF~xH)DzQ\W,M$*LvL?fg2G%OLf&b)
2022-09-19 19:09:19.232 [scala-execution-context-global-16] INFO  HelperUtils.Parameters$ - Icg>na,l$MC.YaRG7B@;
2022-09-19 19:09:25.738 [scala-execution-context-global-16] INFO  HelperUtils.Parameters$ - M/jT@VbtM/OWA.o;5rGz\4aPxuv0,>fv9@)P)9<Si{I9
2022-09-19 19:09:27.977 [scala-execution-context-global-16] WARN  HelperUtils.Parameters$ - 0%0vniIb'G.6p'COSM'c
2022-09-19 19:09:32.597 [scala-execution-context-global-16] WARN  HelperUtils.Parameters$ - /c7Pe?8<^um;oeAT\<o#Wsc~-.tu9wVGPI1b[F
2022-09-19 19:09:40.705 [scala-execution-context-global-16] INFO  HelperUtils.Parameters$ - 3vzgm>^$C:/hyPQN4Em;yR1R>p:9/`$S7y"SyFv(<*S#
2022-09-19 19:09:49.664 [scala-execution-context-global-16] INFO  HelperUtils.Parameters$ - "4}f6;>s2F0eYa0Hi~!dQpB1Tn65.$70EJ[SNluXU2]ei'
2022-09-19 19:09:57.309 [scala-execution-context-global-16] DEBUG HelperUtils.Parameters$ - Uy~+{>,)e)dOs'd4Y$`JE]?"]ItSdfI)Z{ce>7@-zH
2022-09-19 19:10:05.965 [scala-execution-context-global-16] INFO  HelperUtils.Parameters$ - mW;o&Cl6cA;fwPKKd$VeEafUpEy0v['Pm5?p,.Zk89:}
2022-09-19 19:10:05.966 [main] INFO  uic.edu.cs441.GenerateLogData$ - Log data generation has completed after generating 100 records.
